<?xml version="1.0" encoding="UTF-8"?>
<coverage generated="1775091791665" clover="3.2.0">
  <project timestamp="1775091791665" name="All files">
    <metrics statements="56" coveredstatements="55" conditionals="23" coveredconditionals="22" methods="19" coveredmethods="19" elements="98" coveredelements="96" complexity="0" loc="56" ncloc="56" packages="1" files="3" classes="3"/>
    <file name="index.ts" path="/home/mpb/Documents/GitHub/ai_workflow_core/src/index.ts">
      <metrics statements="3" coveredstatements="3" conditionals="0" coveredconditionals="0" methods="9" coveredmethods="9"/>
      <line num="20" count="6" type="stmt"/>
      <line num="23" count="10" type="stmt"/>
      <line num="26" count="16" type="stmt"/>
    </file>
    <file name="loader.ts" path="/home/mpb/Documents/GitHub/ai_workflow_core/src/loader.ts">
      <metrics statements="28" coveredstatements="27" conditionals="7" coveredconditionals="6" methods="5" coveredmethods="5"/>
      <line num="17" count="1" type="stmt"/>
      <line num="18" count="1" type="stmt"/>
      <line num="19" count="1" type="stmt"/>
      <line num="39" count="24" type="stmt"/>
      <line num="40" count="24" type="stmt"/>
      <line num="41" count="20" type="stmt"/>
      <line num="43" count="6" type="stmt"/>
      <line num="63" count="1" type="stmt"/>
      <line num="64" count="15" type="stmt"/>
      <line num="65" count="12" type="cond" truecount="1" falsecount="0"/>
      <line num="66" count="2" type="stmt"/>
      <line num="71" count="10" type="stmt"/>
      <line num="87" count="1" type="stmt"/>
      <line num="88" count="9" type="stmt"/>
      <line num="89" count="6" type="cond" truecount="3" falsecount="1"/>
      <line num="90" count="0" type="stmt"/>
      <line num="95" count="6" type="stmt"/>
      <line num="109" count="1" type="stmt"/>
      <line num="114" count="13" type="stmt"/>
      <line num="115" count="13" type="cond" truecount="1" falsecount="0"/>
      <line num="116" count="3" type="stmt"/>
      <line num="118" count="10" type="stmt"/>
      <line num="137" count="1" type="stmt"/>
      <line num="141" count="4" type="stmt"/>
      <line num="142" count="4" type="stmt"/>
      <line num="143" count="13" type="cond" truecount="1" falsecount="0"/>
      <line num="144" count="9" type="stmt"/>
      <line num="147" count="3" type="stmt"/>
    </file>
    <file name="types.ts" path="/home/mpb/Documents/GitHub/ai_workflow_core/src/types.ts">
      <metrics statements="25" coveredstatements="25" conditionals="16" coveredconditionals="16" methods="5" coveredmethods="5"/>
      <line num="109" count="1" type="stmt"/>
      <line num="111" count="7" type="stmt"/>
      <line num="112" count="7" type="stmt"/>
      <line num="114" count="7" type="stmt"/>
      <line num="118" count="7" type="stmt"/>
      <line num="119" count="7" type="stmt"/>
      <line num="125" count="1" type="stmt"/>
      <line num="127" count="12" type="stmt"/>
      <line num="130" count="12" type="cond" truecount="2" falsecount="0"/>
      <line num="131" count="12" type="stmt"/>
      <line num="132" count="12" type="stmt"/>
      <line num="133" count="12" type="stmt"/>
      <line num="142" count="1" type="stmt"/>
      <line num="143" count="25" type="cond" truecount="3" falsecount="0"/>
      <line num="144" count="23" type="stmt"/>
      <line num="145" count="23" type="cond" truecount="2" falsecount="0"/>
      <line num="149" count="1" type="stmt"/>
      <line num="150" count="15" type="cond" truecount="3" falsecount="0"/>
      <line num="151" count="14" type="stmt"/>
      <line num="152" count="14" type="cond" truecount="3" falsecount="0"/>
      <line num="153" count="11" type="stmt"/>
      <line num="157" count="1" type="stmt"/>
      <line num="158" count="16" type="cond" truecount="3" falsecount="0"/>
      <line num="159" count="15" type="stmt"/>
      <line num="160" count="15" type="stmt"/>
    </file>
  </project>
</coverage>
