<?xml version="1.0" encoding="UTF-8"?>
<coverage generated="1775065790871" clover="3.2.0">
  <project timestamp="1775065790871" name="All files">
    <metrics statements="55" coveredstatements="54" conditionals="22" coveredconditionals="21" methods="19" coveredmethods="19" elements="96" coveredelements="94" complexity="0" loc="55" ncloc="55" packages="1" files="3" classes="3"/>
    <file name="index.ts" path="/home/mpb/Documents/GitHub/ai_workflow_core/src/index.ts">
      <metrics statements="3" coveredstatements="3" conditionals="0" coveredconditionals="0" methods="9" coveredmethods="9"/>
      <line num="20" count="6" type="stmt"/>
      <line num="23" count="10" type="stmt"/>
      <line num="26" count="16" type="stmt"/>
    </file>
    <file name="loader.ts" path="/home/mpb/Documents/GitHub/ai_workflow_core/src/loader.ts">
      <metrics statements="28" coveredstatements="27" conditionals="7" coveredconditionals="6" methods="5" coveredmethods="5"/>
      <line num="12" count="1" type="stmt"/>
      <line num="13" count="1" type="stmt"/>
      <line num="14" count="1" type="stmt"/>
      <line num="34" count="24" type="stmt"/>
      <line num="35" count="24" type="stmt"/>
      <line num="36" count="20" type="stmt"/>
      <line num="38" count="6" type="stmt"/>
      <line num="54" count="1" type="stmt"/>
      <line num="55" count="15" type="stmt"/>
      <line num="56" count="12" type="cond" truecount="1" falsecount="0"/>
      <line num="57" count="2" type="stmt"/>
      <line num="62" count="10" type="stmt"/>
      <line num="77" count="1" type="stmt"/>
      <line num="78" count="9" type="stmt"/>
      <line num="79" count="6" type="cond" truecount="3" falsecount="1"/>
      <line num="80" count="0" type="stmt"/>
      <line num="85" count="6" type="stmt"/>
      <line num="98" count="1" type="stmt"/>
      <line num="103" count="13" type="stmt"/>
      <line num="104" count="13" type="cond" truecount="1" falsecount="0"/>
      <line num="105" count="3" type="stmt"/>
      <line num="107" count="10" type="stmt"/>
      <line num="126" count="1" type="stmt"/>
      <line num="130" count="4" type="stmt"/>
      <line num="131" count="4" type="stmt"/>
      <line num="132" count="13" type="cond" truecount="1" falsecount="0"/>
      <line num="133" count="9" type="stmt"/>
      <line num="136" count="3" type="stmt"/>
    </file>
    <file name="types.ts" path="/home/mpb/Documents/GitHub/ai_workflow_core/src/types.ts">
      <metrics statements="24" coveredstatements="24" conditionals="15" coveredconditionals="15" methods="5" coveredmethods="5"/>
      <line num="78" count="1" type="stmt"/>
      <line num="80" count="7" type="stmt"/>
      <line num="81" count="7" type="stmt"/>
      <line num="83" count="7" type="stmt"/>
      <line num="87" count="7" type="stmt"/>
      <line num="88" count="7" type="stmt"/>
      <line num="94" count="1" type="stmt"/>
      <line num="96" count="12" type="stmt"/>
      <line num="99" count="12" type="cond" truecount="2" falsecount="0"/>
      <line num="100" count="12" type="stmt"/>
      <line num="101" count="12" type="stmt"/>
      <line num="102" count="12" type="stmt"/>
      <line num="111" count="1" type="stmt"/>
      <line num="112" count="5" type="cond" truecount="3" falsecount="0"/>
      <line num="113" count="3" type="stmt"/>
      <line num="114" count="3" type="cond" truecount="2" falsecount="0"/>
      <line num="118" count="1" type="stmt"/>
      <line num="119" count="15" type="cond" truecount="3" falsecount="0"/>
      <line num="120" count="14" type="stmt"/>
      <line num="121" count="14" type="cond" truecount="2" falsecount="0"/>
      <line num="125" count="1" type="stmt"/>
      <line num="126" count="16" type="cond" truecount="3" falsecount="0"/>
      <line num="127" count="15" type="stmt"/>
      <line num="128" count="15" type="stmt"/>
    </file>
  </project>
</coverage>
