{"/home/mpb/Documents/GitHub/ai_workflow_core/src/index.ts": {"path":"/home/mpb/Documents/GitHub/ai_workflow_core/src/index.ts","statementMap":{"0":{"start":{"line":20,"column":0},"end":{"line":20,"column":9}},"1":{"start":{"line":20,"column":9},"end":{"line":20,"column":26}},"2":{"start":{"line":20,"column":26},"end":{"line":20,"column":40}},"3":{"start":{"line":20,"column":40},"end":{"line":20,"column":77}},"4":{"start":{"line":23,"column":0},"end":{"line":23,"column":9}},"5":{"start":{"line":23,"column":9},"end":{"line":23,"column":29}},"6":{"start":{"line":23,"column":29},"end":{"line":23,"column":64}},"7":{"start":{"line":26,"column":0},"end":{"line":26,"column":9}},"8":{"start":{"line":26,"column":9},"end":{"line":26,"column":23}},"9":{"start":{"line":26,"column":23},"end":{"line":26,"column":40}},"10":{"start":{"line":26,"column":40},"end":{"line":26,"column":60}},"11":{"start":{"line":26,"column":60},"end":{"line":26,"column":93}}},"fnMap":{"0":{"name":"(anonymous_0)","decl":{"start":{"line":20,"column":9},"end":{"line":20,"column":24}},"loc":{"start":{"line":20,"column":9},"end":{"line":20,"column":26}}},"1":{"name":"(anonymous_1)","decl":{"start":{"line":20,"column":26},"end":{"line":20,"column":38}},"loc":{"start":{"line":20,"column":26},"end":{"line":20,"column":40}}},"2":{"name":"(anonymous_2)","decl":{"start":{"line":20,"column":40},"end":{"line":20,"column":59}},"loc":{"start":{"line":20,"column":40},"end":{"line":20,"column":77}}},"3":{"name":"(anonymous_3)","decl":{"start":{"line":23,"column":9},"end":{"line":23,"column":27}},"loc":{"start":{"line":23,"column":9},"end":{"line":23,"column":29}}},"4":{"name":"(anonymous_4)","decl":{"start":{"line":23,"column":29},"end":{"line":23,"column":46}},"loc":{"start":{"line":23,"column":29},"end":{"line":23,"column":64}}},"5":{"name":"(anonymous_5)","decl":{"start":{"line":26,"column":9},"end":{"line":26,"column":21}},"loc":{"start":{"line":26,"column":9},"end":{"line":26,"column":23}}},"6":{"name":"(anonymous_6)","decl":{"start":{"line":26,"column":23},"end":{"line":26,"column":38}},"loc":{"start":{"line":26,"column":23},"end":{"line":26,"column":40}}},"7":{"name":"(anonymous_7)","decl":{"start":{"line":26,"column":40},"end":{"line":26,"column":58}},"loc":{"start":{"line":26,"column":40},"end":{"line":26,"column":60}}},"8":{"name":"(anonymous_8)","decl":{"start":{"line":26,"column":60},"end":{"line":26,"column":74}},"loc":{"start":{"line":26,"column":60},"end":{"line":26,"column":93}}}},"branchMap":{},"s":{"0":1,"1":4,"2":6,"3":4,"4":1,"5":10,"6":8,"7":1,"8":10,"9":16,"10":5,"11":5},"f":{"0":3,"1":5,"2":3,"3":9,"4":7,"5":9,"6":15,"7":4,"8":4},"b":{}}
,"/home/mpb/Documents/GitHub/ai_workflow_core/src/loader.ts": {"path":"/home/mpb/Documents/GitHub/ai_workflow_core/src/loader.ts","statementMap":{"0":{"start":{"line":54,"column":0},"end":{"line":54,"column":16}},"1":{"start":{"line":77,"column":0},"end":{"line":77,"column":16}},"2":{"start":{"line":98,"column":0},"end":{"line":98,"column":16}},"3":{"start":{"line":126,"column":0},"end":{"line":126,"column":16}},"4":{"start":{"line":12,"column":0},"end":{"line":12,"column":34}},"5":{"start":{"line":13,"column":0},"end":{"line":13,"column":44}},"6":{"start":{"line":14,"column":0},"end":{"line":14,"column":null}},"7":{"start":{"line":34,"column":2},"end":{"line":39,"column":3}},"8":{"start":{"line":35,"column":16},"end":{"line":35,"column":46}},"9":{"start":{"line":36,"column":4},"end":{"line":36,"column":26}},"10":{"start":{"line":38,"column":4},"end":{"line":38,"column":48}},"11":{"start":{"line":55,"column":14},"end":{"line":55,"column":36}},"12":{"start":{"line":56,"column":2},"end":{"line":61,"column":3}},"13":{"start":{"line":57,"column":4},"end":{"line":60,"column":6}},"14":{"start":{"line":62,"column":2},"end":{"line":62,"column":13}},"15":{"start":{"line":78,"column":14},"end":{"line":78,"column":36}},"16":{"start":{"line":79,"column":2},"end":{"line":84,"column":3}},"17":{"start":{"line":80,"column":4},"end":{"line":83,"column":6}},"18":{"start":{"line":85,"column":2},"end":{"line":85,"column":32}},"19":{"start":{"line":103,"column":20},"end":{"line":103,"column":49}},"20":{"start":{"line":104,"column":2},"end":{"line":106,"column":3}},"21":{"start":{"line":105,"column":4},"end":{"line":105,"column":62}},"22":{"start":{"line":107,"column":2},"end":{"line":110,"column":4}},"23":{"start":{"line":130,"column":52},"end":{"line":130,"column":54}},"24":{"start":{"line":131,"column":2},"end":{"line":135,"column":3}},"25":{"start":{"line":132,"column":4},"end":{"line":134,"column":5}},"26":{"start":{"line":133,"column":6},"end":{"line":133,"column":56}},"27":{"start":{"line":136,"column":2},"end":{"line":136,"column":18}}},"fnMap":{"0":{"name":"readYamlFile","decl":{"start":{"line":33,"column":9},"end":{"line":33,"column":21}},"loc":{"start":{"line":33,"column":38},"end":{"line":40,"column":1}}},"1":{"name":"loadPromptRoles","decl":{"start":{"line":54,"column":16},"end":{"line":54,"column":31}},"loc":{"start":{"line":54,"column":48},"end":{"line":63,"column":1}}},"2":{"name":"loadPersonas","decl":{"start":{"line":77,"column":16},"end":{"line":77,"column":28}},"loc":{"start":{"line":77,"column":45},"end":{"line":86,"column":1}}},"3":{"name":"resolvePersona","decl":{"start":{"line":98,"column":16},"end":{"line":98,"column":30}},"loc":{"start":{"line":101,"column":26},"end":{"line":111,"column":1}}},"4":{"name":"resolveAllPersonas","decl":{"start":{"line":126,"column":16},"end":{"line":126,"column":34}},"loc":{"start":{"line":128,"column":26},"end":{"line":137,"column":1}}}},"branchMap":{"0":{"loc":{"start":{"line":56,"column":2},"end":{"line":61,"column":3}},"type":"if","locations":[{"start":{"line":56,"column":2},"end":{"line":61,"column":3}}]},"1":{"loc":{"start":{"line":79,"column":2},"end":{"line":84,"column":3}},"type":"if","locations":[{"start":{"line":79,"column":2},"end":{"line":84,"column":3}}]},"2":{"loc":{"start":{"line":79,"column":6},"end":{"line":79,"column":67}},"type":"binary-expr","locations":[{"start":{"line":79,"column":6},"end":{"line":79,"column":29}},{"start":{"line":79,"column":33},"end":{"line":79,"column":45}},{"start":{"line":79,"column":49},"end":{"line":79,"column":67}}]},"3":{"loc":{"start":{"line":104,"column":2},"end":{"line":106,"column":3}},"type":"if","locations":[{"start":{"line":104,"column":2},"end":{"line":106,"column":3}}]},"4":{"loc":{"start":{"line":132,"column":4},"end":{"line":134,"column":5}},"type":"if","locations":[{"start":{"line":132,"column":4},"end":{"line":134,"column":5}}]}},"s":{"0":1,"1":1,"2":1,"3":1,"4":1,"5":1,"6":1,"7":24,"8":24,"9":20,"10":6,"11":15,"12":12,"13":2,"14":10,"15":9,"16":6,"17":0,"18":6,"19":13,"20":13,"21":3,"22":10,"23":4,"24":4,"25":13,"26":9,"27":3},"f":{"0":24,"1":15,"2":9,"3":13,"4":4},"b":{"0":[2],"1":[0],"2":[6,6,6],"3":[3],"4":[9]}}
,"/home/mpb/Documents/GitHub/ai_workflow_core/src/types.ts": {"path":"/home/mpb/Documents/GitHub/ai_workflow_core/src/types.ts","statementMap":{"0":{"start":{"line":111,"column":0},"end":{"line":111,"column":16}},"1":{"start":{"line":118,"column":0},"end":{"line":118,"column":16}},"2":{"start":{"line":125,"column":0},"end":{"line":125,"column":16}},"3":{"start":{"line":83,"column":4},"end":{"line":86,"column":6}},"4":{"start":{"line":80,"column":20},"end":{"line":80,"column":35}},"5":{"start":{"line":81,"column":20},"end":{"line":81,"column":38}},"6":{"start":{"line":87,"column":4},"end":{"line":87,"column":36}},"7":{"start":{"line":88,"column":4},"end":{"line":88,"column":54}},"8":{"start":{"line":78,"column":0},"end":{"line":78,"column":13}},"9":{"start":{"line":99,"column":19},"end":{"line":99,"column":73}},"10":{"start":{"line":100,"column":4},"end":{"line":100,"column":65}},"11":{"start":{"line":96,"column":20},"end":{"line":96,"column":36}},"12":{"start":{"line":101,"column":4},"end":{"line":101,"column":37}},"13":{"start":{"line":102,"column":4},"end":{"line":102,"column":54}},"14":{"start":{"line":94,"column":0},"end":{"line":94,"column":13}},"15":{"start":{"line":112,"column":2},"end":{"line":112,"column":64}},"16":{"start":{"line":112,"column":51},"end":{"line":112,"column":64}},"17":{"start":{"line":113,"column":12},"end":{"line":113,"column":44}},"18":{"start":{"line":114,"column":2},"end":{"line":114,"column":86}},"19":{"start":{"line":119,"column":2},"end":{"line":119,"column":64}},"20":{"start":{"line":119,"column":51},"end":{"line":119,"column":64}},"21":{"start":{"line":120,"column":12},"end":{"line":120,"column":44}},"22":{"start":{"line":121,"column":2},"end":{"line":121,"column":63}},"23":{"start":{"line":126,"column":2},"end":{"line":126,"column":64}},"24":{"start":{"line":126,"column":51},"end":{"line":126,"column":64}},"25":{"start":{"line":127,"column":12},"end":{"line":127,"column":44}},"26":{"start":{"line":128,"column":2},"end":{"line":128,"column":43}}},"fnMap":{"0":{"name":"(anonymous_0)","decl":{"start":{"line":79,"column":2},"end":{"line":79,"column":null}},"loc":{"start":{"line":81,"column":38},"end":{"line":89,"column":3}}},"1":{"name":"(anonymous_1)","decl":{"start":{"line":95,"column":2},"end":{"line":95,"column":null}},"loc":{"start":{"line":97,"column":18},"end":{"line":103,"column":3}}},"2":{"name":"isPromptRole","decl":{"start":{"line":111,"column":16},"end":{"line":111,"column":28}},"loc":{"start":{"line":111,"column":43},"end":{"line":115,"column":1}}},"3":{"name":"isPromptRolesConfig","decl":{"start":{"line":118,"column":16},"end":{"line":118,"column":35}},"loc":{"start":{"line":118,"column":50},"end":{"line":122,"column":1}}},"4":{"name":"isPersonaConfig","decl":{"start":{"line":125,"column":16},"end":{"line":125,"column":31}},"loc":{"start":{"line":125,"column":46},"end":{"line":129,"column":1}}}},"branchMap":{"0":{"loc":{"start":{"line":99,"column":19},"end":{"line":99,"column":73}},"type":"cond-expr","locations":[{"start":{"line":99,"column":44},"end":{"line":99,"column":57}},{"start":{"line":99,"column":60},"end":{"line":99,"column":73}}]},"1":{"loc":{"start":{"line":112,"column":2},"end":{"line":112,"column":64}},"type":"if","locations":[{"start":{"line":112,"column":2},"end":{"line":112,"column":64}}]},"2":{"loc":{"start":{"line":112,"column":6},"end":{"line":112,"column":49}},"type":"binary-expr","locations":[{"start":{"line":112,"column":6},"end":{"line":112,"column":31}},{"start":{"line":112,"column":35},"end":{"line":112,"column":49}}]},"3":{"loc":{"start":{"line":114,"column":9},"end":{"line":114,"column":85}},"type":"binary-expr","locations":[{"start":{"line":114,"column":9},"end":{"line":114,"column":45}},{"start":{"line":114,"column":49},"end":{"line":114,"column":85}}]},"4":{"loc":{"start":{"line":119,"column":2},"end":{"line":119,"column":64}},"type":"if","locations":[{"start":{"line":119,"column":2},"end":{"line":119,"column":64}}]},"5":{"loc":{"start":{"line":119,"column":6},"end":{"line":119,"column":49}},"type":"binary-expr","locations":[{"start":{"line":119,"column":6},"end":{"line":119,"column":31}},{"start":{"line":119,"column":35},"end":{"line":119,"column":49}}]},"6":{"loc":{"start":{"line":121,"column":9},"end":{"line":121,"column":62}},"type":"binary-expr","locations":[{"start":{"line":121,"column":9},"end":{"line":121,"column":39}},{"start":{"line":121,"column":43},"end":{"line":121,"column":62}}]},"7":{"loc":{"start":{"line":126,"column":2},"end":{"line":126,"column":64}},"type":"if","locations":[{"start":{"line":126,"column":2},"end":{"line":126,"column":64}}]},"8":{"loc":{"start":{"line":126,"column":6},"end":{"line":126,"column":49}},"type":"binary-expr","locations":[{"start":{"line":126,"column":6},"end":{"line":126,"column":31}},{"start":{"line":126,"column":35},"end":{"line":126,"column":49}}]}},"s":{"0":1,"1":1,"2":1,"3":7,"4":7,"5":7,"6":7,"7":7,"8":1,"9":12,"10":12,"11":12,"12":12,"13":12,"14":1,"15":5,"16":2,"17":3,"18":3,"19":15,"20":1,"21":14,"22":14,"23":16,"24":1,"25":15,"26":15},"f":{"0":7,"1":12,"2":5,"3":15,"4":16},"b":{"0":[3,9],"1":[2],"2":[5,4],"3":[3,2],"4":[1],"5":[15,15],"6":[14,11],"7":[1],"8":[16,16]}}
}
