{"/home/mpb/Documents/GitHub/ai_workflow_core/src/index.ts": {"path":"/home/mpb/Documents/GitHub/ai_workflow_core/src/index.ts","statementMap":{"0":{"start":{"line":20,"column":0},"end":{"line":20,"column":9}},"1":{"start":{"line":20,"column":9},"end":{"line":20,"column":26}},"2":{"start":{"line":20,"column":26},"end":{"line":20,"column":40}},"3":{"start":{"line":20,"column":40},"end":{"line":20,"column":77}},"4":{"start":{"line":23,"column":0},"end":{"line":23,"column":9}},"5":{"start":{"line":23,"column":9},"end":{"line":23,"column":29}},"6":{"start":{"line":23,"column":29},"end":{"line":23,"column":64}},"7":{"start":{"line":26,"column":0},"end":{"line":26,"column":9}},"8":{"start":{"line":26,"column":9},"end":{"line":26,"column":23}},"9":{"start":{"line":26,"column":23},"end":{"line":26,"column":40}},"10":{"start":{"line":26,"column":40},"end":{"line":26,"column":60}},"11":{"start":{"line":26,"column":60},"end":{"line":26,"column":93}}},"fnMap":{"0":{"name":"(anonymous_0)","decl":{"start":{"line":20,"column":9},"end":{"line":20,"column":24}},"loc":{"start":{"line":20,"column":9},"end":{"line":20,"column":26}}},"1":{"name":"(anonymous_1)","decl":{"start":{"line":20,"column":26},"end":{"line":20,"column":38}},"loc":{"start":{"line":20,"column":26},"end":{"line":20,"column":40}}},"2":{"name":"(anonymous_2)","decl":{"start":{"line":20,"column":40},"end":{"line":20,"column":59}},"loc":{"start":{"line":20,"column":40},"end":{"line":20,"column":77}}},"3":{"name":"(anonymous_3)","decl":{"start":{"line":23,"column":9},"end":{"line":23,"column":27}},"loc":{"start":{"line":23,"column":9},"end":{"line":23,"column":29}}},"4":{"name":"(anonymous_4)","decl":{"start":{"line":23,"column":29},"end":{"line":23,"column":46}},"loc":{"start":{"line":23,"column":29},"end":{"line":23,"column":64}}},"5":{"name":"(anonymous_5)","decl":{"start":{"line":26,"column":9},"end":{"line":26,"column":21}},"loc":{"start":{"line":26,"column":9},"end":{"line":26,"column":23}}},"6":{"name":"(anonymous_6)","decl":{"start":{"line":26,"column":23},"end":{"line":26,"column":38}},"loc":{"start":{"line":26,"column":23},"end":{"line":26,"column":40}}},"7":{"name":"(anonymous_7)","decl":{"start":{"line":26,"column":40},"end":{"line":26,"column":58}},"loc":{"start":{"line":26,"column":40},"end":{"line":26,"column":60}}},"8":{"name":"(anonymous_8)","decl":{"start":{"line":26,"column":60},"end":{"line":26,"column":74}},"loc":{"start":{"line":26,"column":60},"end":{"line":26,"column":93}}}},"branchMap":{},"s":{"0":1,"1":4,"2":6,"3":4,"4":1,"5":10,"6":8,"7":1,"8":10,"9":16,"10":5,"11":5},"f":{"0":3,"1":5,"2":3,"3":9,"4":7,"5":9,"6":15,"7":4,"8":4},"b":{}}
,"/home/mpb/Documents/GitHub/ai_workflow_core/src/loader.ts": {"path":"/home/mpb/Documents/GitHub/ai_workflow_core/src/loader.ts","statementMap":{"0":{"start":{"line":63,"column":0},"end":{"line":63,"column":16}},"1":{"start":{"line":87,"column":0},"end":{"line":87,"column":16}},"2":{"start":{"line":109,"column":0},"end":{"line":109,"column":16}},"3":{"start":{"line":137,"column":0},"end":{"line":137,"column":16}},"4":{"start":{"line":17,"column":0},"end":{"line":17,"column":34}},"5":{"start":{"line":18,"column":0},"end":{"line":18,"column":44}},"6":{"start":{"line":19,"column":0},"end":{"line":19,"column":null}},"7":{"start":{"line":39,"column":2},"end":{"line":44,"column":3}},"8":{"start":{"line":40,"column":16},"end":{"line":40,"column":46}},"9":{"start":{"line":41,"column":4},"end":{"line":41,"column":26}},"10":{"start":{"line":43,"column":4},"end":{"line":43,"column":48}},"11":{"start":{"line":64,"column":14},"end":{"line":64,"column":36}},"12":{"start":{"line":65,"column":2},"end":{"line":70,"column":3}},"13":{"start":{"line":66,"column":4},"end":{"line":69,"column":6}},"14":{"start":{"line":71,"column":2},"end":{"line":71,"column":13}},"15":{"start":{"line":88,"column":14},"end":{"line":88,"column":36}},"16":{"start":{"line":89,"column":2},"end":{"line":94,"column":3}},"17":{"start":{"line":90,"column":4},"end":{"line":93,"column":6}},"18":{"start":{"line":95,"column":2},"end":{"line":95,"column":32}},"19":{"start":{"line":114,"column":20},"end":{"line":114,"column":49}},"20":{"start":{"line":115,"column":2},"end":{"line":117,"column":3}},"21":{"start":{"line":116,"column":4},"end":{"line":116,"column":62}},"22":{"start":{"line":118,"column":2},"end":{"line":121,"column":4}},"23":{"start":{"line":141,"column":52},"end":{"line":141,"column":54}},"24":{"start":{"line":142,"column":2},"end":{"line":146,"column":3}},"25":{"start":{"line":143,"column":4},"end":{"line":145,"column":5}},"26":{"start":{"line":144,"column":6},"end":{"line":144,"column":56}},"27":{"start":{"line":147,"column":2},"end":{"line":147,"column":18}}},"fnMap":{"0":{"name":"readYamlFile","decl":{"start":{"line":38,"column":9},"end":{"line":38,"column":21}},"loc":{"start":{"line":38,"column":38},"end":{"line":45,"column":1}}},"1":{"name":"loadPromptRoles","decl":{"start":{"line":63,"column":16},"end":{"line":63,"column":31}},"loc":{"start":{"line":63,"column":48},"end":{"line":72,"column":1}}},"2":{"name":"loadPersonas","decl":{"start":{"line":87,"column":16},"end":{"line":87,"column":28}},"loc":{"start":{"line":87,"column":45},"end":{"line":96,"column":1}}},"3":{"name":"resolvePersona","decl":{"start":{"line":109,"column":16},"end":{"line":109,"column":30}},"loc":{"start":{"line":112,"column":26},"end":{"line":122,"column":1}}},"4":{"name":"resolveAllPersonas","decl":{"start":{"line":137,"column":16},"end":{"line":137,"column":34}},"loc":{"start":{"line":139,"column":26},"end":{"line":148,"column":1}}}},"branchMap":{"0":{"loc":{"start":{"line":65,"column":2},"end":{"line":70,"column":3}},"type":"if","locations":[{"start":{"line":65,"column":2},"end":{"line":70,"column":3}}]},"1":{"loc":{"start":{"line":89,"column":2},"end":{"line":94,"column":3}},"type":"if","locations":[{"start":{"line":89,"column":2},"end":{"line":94,"column":3}}]},"2":{"loc":{"start":{"line":89,"column":6},"end":{"line":89,"column":67}},"type":"binary-expr","locations":[{"start":{"line":89,"column":6},"end":{"line":89,"column":29}},{"start":{"line":89,"column":33},"end":{"line":89,"column":45}},{"start":{"line":89,"column":49},"end":{"line":89,"column":67}}]},"3":{"loc":{"start":{"line":115,"column":2},"end":{"line":117,"column":3}},"type":"if","locations":[{"start":{"line":115,"column":2},"end":{"line":117,"column":3}}]},"4":{"loc":{"start":{"line":143,"column":4},"end":{"line":145,"column":5}},"type":"if","locations":[{"start":{"line":143,"column":4},"end":{"line":145,"column":5}}]}},"s":{"0":1,"1":1,"2":1,"3":1,"4":1,"5":1,"6":1,"7":24,"8":24,"9":20,"10":6,"11":15,"12":12,"13":2,"14":10,"15":9,"16":6,"17":0,"18":6,"19":13,"20":13,"21":3,"22":10,"23":4,"24":4,"25":13,"26":9,"27":3},"f":{"0":24,"1":15,"2":9,"3":13,"4":4},"b":{"0":[2],"1":[0],"2":[6,6,6],"3":[3],"4":[9]}}
,"/home/mpb/Documents/GitHub/ai_workflow_core/src/types.ts": {"path":"/home/mpb/Documents/GitHub/ai_workflow_core/src/types.ts","statementMap":{"0":{"start":{"line":142,"column":0},"end":{"line":142,"column":16}},"1":{"start":{"line":149,"column":0},"end":{"line":149,"column":16}},"2":{"start":{"line":157,"column":0},"end":{"line":157,"column":16}},"3":{"start":{"line":114,"column":4},"end":{"line":117,"column":6}},"4":{"start":{"line":111,"column":20},"end":{"line":111,"column":35}},"5":{"start":{"line":112,"column":20},"end":{"line":112,"column":38}},"6":{"start":{"line":118,"column":4},"end":{"line":118,"column":36}},"7":{"start":{"line":119,"column":4},"end":{"line":119,"column":54}},"8":{"start":{"line":109,"column":0},"end":{"line":109,"column":13}},"9":{"start":{"line":130,"column":19},"end":{"line":130,"column":73}},"10":{"start":{"line":131,"column":4},"end":{"line":131,"column":65}},"11":{"start":{"line":127,"column":20},"end":{"line":127,"column":36}},"12":{"start":{"line":132,"column":4},"end":{"line":132,"column":37}},"13":{"start":{"line":133,"column":4},"end":{"line":133,"column":54}},"14":{"start":{"line":125,"column":0},"end":{"line":125,"column":13}},"15":{"start":{"line":143,"column":2},"end":{"line":143,"column":64}},"16":{"start":{"line":143,"column":51},"end":{"line":143,"column":64}},"17":{"start":{"line":144,"column":12},"end":{"line":144,"column":44}},"18":{"start":{"line":145,"column":2},"end":{"line":145,"column":86}},"19":{"start":{"line":150,"column":2},"end":{"line":150,"column":68}},"20":{"start":{"line":150,"column":53},"end":{"line":150,"column":66}},"21":{"start":{"line":151,"column":12},"end":{"line":151,"column":44}},"22":{"start":{"line":152,"column":2},"end":{"line":152,"column":78}},"23":{"start":{"line":152,"column":63},"end":{"line":152,"column":76}},"24":{"start":{"line":153,"column":2},"end":{"line":153,"column":82}},"25":{"start":{"line":158,"column":2},"end":{"line":158,"column":64}},"26":{"start":{"line":158,"column":51},"end":{"line":158,"column":64}},"27":{"start":{"line":159,"column":12},"end":{"line":159,"column":44}},"28":{"start":{"line":160,"column":2},"end":{"line":160,"column":43}}},"fnMap":{"0":{"name":"(anonymous_0)","decl":{"start":{"line":110,"column":2},"end":{"line":110,"column":null}},"loc":{"start":{"line":112,"column":38},"end":{"line":120,"column":3}}},"1":{"name":"(anonymous_1)","decl":{"start":{"line":126,"column":2},"end":{"line":126,"column":null}},"loc":{"start":{"line":128,"column":18},"end":{"line":134,"column":3}}},"2":{"name":"isPromptRole","decl":{"start":{"line":142,"column":16},"end":{"line":142,"column":28}},"loc":{"start":{"line":142,"column":43},"end":{"line":146,"column":1}}},"3":{"name":"isPromptRolesConfig","decl":{"start":{"line":149,"column":16},"end":{"line":149,"column":35}},"loc":{"start":{"line":149,"column":50},"end":{"line":154,"column":1}}},"4":{"name":"isPersonaConfig","decl":{"start":{"line":157,"column":16},"end":{"line":157,"column":31}},"loc":{"start":{"line":157,"column":46},"end":{"line":161,"column":1}}}},"branchMap":{"0":{"loc":{"start":{"line":130,"column":19},"end":{"line":130,"column":73}},"type":"cond-expr","locations":[{"start":{"line":130,"column":44},"end":{"line":130,"column":57}},{"start":{"line":130,"column":60},"end":{"line":130,"column":73}}]},"1":{"loc":{"start":{"line":143,"column":2},"end":{"line":143,"column":64}},"type":"if","locations":[{"start":{"line":143,"column":2},"end":{"line":143,"column":64}}]},"2":{"loc":{"start":{"line":143,"column":6},"end":{"line":143,"column":49}},"type":"binary-expr","locations":[{"start":{"line":143,"column":6},"end":{"line":143,"column":31}},{"start":{"line":143,"column":35},"end":{"line":143,"column":49}}]},"3":{"loc":{"start":{"line":145,"column":9},"end":{"line":145,"column":85}},"type":"binary-expr","locations":[{"start":{"line":145,"column":9},"end":{"line":145,"column":45}},{"start":{"line":145,"column":49},"end":{"line":145,"column":85}}]},"4":{"loc":{"start":{"line":150,"column":2},"end":{"line":150,"column":68}},"type":"if","locations":[{"start":{"line":150,"column":2},"end":{"line":150,"column":68}}]},"5":{"loc":{"start":{"line":150,"column":6},"end":{"line":150,"column":49}},"type":"binary-expr","locations":[{"start":{"line":150,"column":6},"end":{"line":150,"column":31}},{"start":{"line":150,"column":35},"end":{"line":150,"column":49}}]},"6":{"loc":{"start":{"line":152,"column":2},"end":{"line":152,"column":78}},"type":"if","locations":[{"start":{"line":152,"column":2},"end":{"line":152,"column":78}}]},"7":{"loc":{"start":{"line":152,"column":6},"end":{"line":152,"column":59}},"type":"binary-expr","locations":[{"start":{"line":152,"column":6},"end":{"line":152,"column":36}},{"start":{"line":152,"column":40},"end":{"line":152,"column":59}}]},"8":{"loc":{"start":{"line":158,"column":2},"end":{"line":158,"column":64}},"type":"if","locations":[{"start":{"line":158,"column":2},"end":{"line":158,"column":64}}]},"9":{"loc":{"start":{"line":158,"column":6},"end":{"line":158,"column":49}},"type":"binary-expr","locations":[{"start":{"line":158,"column":6},"end":{"line":158,"column":31}},{"start":{"line":158,"column":35},"end":{"line":158,"column":49}}]}},"s":{"0":1,"1":1,"2":1,"3":7,"4":7,"5":7,"6":7,"7":7,"8":1,"9":12,"10":12,"11":12,"12":12,"13":12,"14":1,"15":25,"16":2,"17":23,"18":23,"19":15,"20":1,"21":14,"22":14,"23":3,"24":11,"25":16,"26":1,"27":15,"28":15},"f":{"0":7,"1":12,"2":25,"3":15,"4":16},"b":{"0":[3,9],"1":[2],"2":[25,24],"3":[23,22],"4":[1],"5":[15,15],"6":[3],"7":[14,11],"8":[1],"9":[16,16]}}
}
