TN:
SF:src/index.ts
FN:20,(anonymous_0)
FN:20,(anonymous_1)
FN:20,(anonymous_2)
FN:23,(anonymous_3)
FN:23,(anonymous_4)
FN:26,(anonymous_5)
FN:26,(anonymous_6)
FN:26,(anonymous_7)
FN:26,(anonymous_8)
FNF:9
FNH:9
FNDA:3,(anonymous_0)
FNDA:5,(anonymous_1)
FNDA:3,(anonymous_2)
FNDA:9,(anonymous_3)
FNDA:7,(anonymous_4)
FNDA:9,(anonymous_5)
FNDA:15,(anonymous_6)
FNDA:4,(anonymous_7)
FNDA:4,(anonymous_8)
DA:20,6
DA:23,10
DA:26,16
LF:3
LH:3
BRF:0
BRH:0
end_of_record
TN:
SF:src/loader.ts
FN:33,readYamlFile
FN:54,loadPromptRoles
FN:77,loadPersonas
FN:98,resolvePersona
FN:126,resolveAllPersonas
FNF:5
FNH:5
FNDA:24,readYamlFile
FNDA:15,loadPromptRoles
FNDA:9,loadPersonas
FNDA:13,resolvePersona
FNDA:4,resolveAllPersonas
DA:12,1
DA:13,1
DA:14,1
DA:34,24
DA:35,24
DA:36,20
DA:38,6
DA:54,1
DA:55,15
DA:56,12
DA:57,2
DA:62,10
DA:77,1
DA:78,9
DA:79,6
DA:80,0
DA:85,6
DA:98,1
DA:103,13
DA:104,13
DA:105,3
DA:107,10
DA:126,1
DA:130,4
DA:131,4
DA:132,13
DA:133,9
DA:136,3
LF:28
LH:27
BRDA:56,0,0,2
BRDA:79,1,0,0
BRDA:79,2,0,6
BRDA:79,2,1,6
BRDA:79,2,2,6
BRDA:104,3,0,3
BRDA:132,4,0,9
BRF:7
BRH:6
end_of_record
TN:
SF:src/types.ts
FN:79,(anonymous_0)
FN:95,(anonymous_1)
FN:111,isPromptRole
FN:118,isPromptRolesConfig
FN:125,isPersonaConfig
FNF:5
FNH:5
FNDA:7,(anonymous_0)
FNDA:12,(anonymous_1)
FNDA:5,isPromptRole
FNDA:15,isPromptRolesConfig
FNDA:16,isPersonaConfig
DA:78,1
DA:80,7
DA:81,7
DA:83,7
DA:87,7
DA:88,7
DA:94,1
DA:96,12
DA:99,12
DA:100,12
DA:101,12
DA:102,12
DA:111,1
DA:112,5
DA:113,3
DA:114,3
DA:118,1
DA:119,15
DA:120,14
DA:121,14
DA:125,1
DA:126,16
DA:127,15
DA:128,15
LF:24
LH:24
BRDA:99,0,0,3
BRDA:99,0,1,9
BRDA:112,1,0,2
BRDA:112,2,0,5
BRDA:112,2,1,4
BRDA:114,3,0,3
BRDA:114,3,1,2
BRDA:119,4,0,1
BRDA:119,5,0,15
BRDA:119,5,1,15
BRDA:121,6,0,14
BRDA:121,6,1,11
BRDA:126,7,0,1
BRDA:126,8,0,16
BRDA:126,8,1,16
BRF:15
BRH:15
end_of_record
