TN:
SF:src/index.ts
FN:20,(anonymous_0)
FN:20,(anonymous_1)
FN:20,(anonymous_2)
FN:23,(anonymous_3)
FN:23,(anonymous_4)
FN:26,(anonymous_5)
FN:26,(anonymous_6)
FN:26,(anonymous_7)
FN:26,(anonymous_8)
FNF:9
FNH:9
FNDA:3,(anonymous_0)
FNDA:5,(anonymous_1)
FNDA:3,(anonymous_2)
FNDA:9,(anonymous_3)
FNDA:7,(anonymous_4)
FNDA:9,(anonymous_5)
FNDA:15,(anonymous_6)
FNDA:4,(anonymous_7)
FNDA:4,(anonymous_8)
DA:20,6
DA:23,10
DA:26,16
LF:3
LH:3
BRF:0
BRH:0
end_of_record
TN:
SF:src/loader.ts
FN:38,readYamlFile
FN:63,loadPromptRoles
FN:87,loadPersonas
FN:109,resolvePersona
FN:137,resolveAllPersonas
FNF:5
FNH:5
FNDA:24,readYamlFile
FNDA:15,loadPromptRoles
FNDA:9,loadPersonas
FNDA:13,resolvePersona
FNDA:4,resolveAllPersonas
DA:17,1
DA:18,1
DA:19,1
DA:39,24
DA:40,24
DA:41,20
DA:43,6
DA:63,1
DA:64,15
DA:65,12
DA:66,2
DA:71,10
DA:87,1
DA:88,9
DA:89,6
DA:90,0
DA:95,6
DA:109,1
DA:114,13
DA:115,13
DA:116,3
DA:118,10
DA:137,1
DA:141,4
DA:142,4
DA:143,13
DA:144,9
DA:147,3
LF:28
LH:27
BRDA:65,0,0,2
BRDA:89,1,0,0
BRDA:89,2,0,6
BRDA:89,2,1,6
BRDA:89,2,2,6
BRDA:115,3,0,3
BRDA:143,4,0,9
BRF:7
BRH:6
end_of_record
TN:
SF:src/types.ts
FN:110,(anonymous_0)
FN:126,(anonymous_1)
FN:142,isPromptRole
FN:149,isPromptRolesConfig
FN:157,isPersonaConfig
FNF:5
FNH:5
FNDA:7,(anonymous_0)
FNDA:12,(anonymous_1)
FNDA:25,isPromptRole
FNDA:15,isPromptRolesConfig
FNDA:16,isPersonaConfig
DA:109,1
DA:111,7
DA:112,7
DA:114,7
DA:118,7
DA:119,7
DA:125,1
DA:127,12
DA:130,12
DA:131,12
DA:132,12
DA:133,12
DA:142,1
DA:143,25
DA:144,23
DA:145,23
DA:149,1
DA:150,15
DA:151,14
DA:152,14
DA:153,11
DA:157,1
DA:158,16
DA:159,15
DA:160,15
LF:25
LH:25
BRDA:130,0,0,3
BRDA:130,0,1,9
BRDA:143,1,0,2
BRDA:143,2,0,25
BRDA:143,2,1,24
BRDA:145,3,0,23
BRDA:145,3,1,22
BRDA:150,4,0,1
BRDA:150,5,0,15
BRDA:150,5,1,15
BRDA:152,6,0,3
BRDA:152,7,0,14
BRDA:152,7,1,11
BRDA:158,8,0,1
BRDA:158,9,0,16
BRDA:158,9,1,16
BRF:16
BRH:16
end_of_record
